<?xml version="1.0" encoding="UTF-8"?>
<testng-results skipped="0" failed="0" ignored="0" total="1" passed="1">
  <reporter-output>
  </reporter-output>
  <suite name="Suite" duration-ms="80" started-at="2021-06-17T15:48:30 IST" finished-at="2021-06-17T15:48:30 IST">
    <groups>
    </groups>
    <test name="Test" duration-ms="80" started-at="2021-06-17T15:48:30 IST" finished-at="2021-06-17T15:48:30 IST">
      <class name="example.TestGreeter">
        <test-method status="PASS" signature="setup()[pri:0, instance:example.TestGreeter@184f6be2]" name="setup" is-config="true" duration-ms="17" started-at="2021-06-17T15:48:30 IST" finished-at="2021-06-17T15:48:30 IST">
          <reporter-output>
          </reporter-output>
        </test-method> <!-- setup -->
        <test-method status="PASS" signature="greetershouldincludetheonebeinggreeted()[pri:0, instance:example.TestGreeter@184f6be2]" name="greetershouldincludetheonebeinggreeted" duration-ms="11" started-at="2021-06-17T15:48:30 IST" finished-at="2021-06-17T15:48:30 IST">
          <reporter-output>
          </reporter-output>
        </test-method> <!-- greetershouldincludetheonebeinggreeted -->
      </class> <!-- example.TestGreeter -->
    </test> <!-- Test -->
  </suite> <!-- Suite -->
</testng-results>
